<?xml version="1.0" encoding="UTF-8"?>
<!-- Generated by org.testng.reporters.JUnitXMLReporter -->
<testsuite hostname="M3102945" ignored="0" name="Default test" tests="4" failures="0" timestamp="22 Sep 2020 19:07:54 GMT" time="0.677" errors="0">
  <testcase name="@BeforeTest browserlaunch" time="0.0" classname="tests.TestFlightBookingwithExcel">
    <failure type="org.testng.TestNGException" message="
Parameter &amp;apos;URL&amp;apos; is required by BeforeTest on method browserlaunch but has not been marked @Optional or defined
in C:\Users\jgargma\AppData\Local\Temp\testng-eclipse-2045101001\testng-customsuite.xml">
      <![CDATA[org.testng.TestNGException: 
Parameter 'URL' is required by BeforeTest on method browserlaunch but has not been marked @Optional or defined
in C:\Users\jgargma\AppData\Local\Temp\testng-eclipse-2045101001\testng-customsuite.xml
at org.testng.internal.Parameters.createParams(Parameters.java:290)
at org.testng.internal.Parameters.createParametersForMethod(Parameters.java:359)
at org.testng.internal.Parameters.createParameters(Parameters.java:620)
at org.testng.internal.Parameters.createConfigurationParameters(Parameters.java:190)
at org.testng.internal.Invoker.invokeConfigurations(Invoker.java:209)
at org.testng.internal.Invoker.invokeConfigurations(Invoker.java:142)
at org.testng.TestRunner.beforeRun(TestRunner.java:529)
at org.testng.TestRunner.run(TestRunner.java:497)
at org.testng.SuiteRunner.runTest(SuiteRunner.java:455)
at org.testng.SuiteRunner.runSequentially(SuiteRunner.java:450)
at org.testng.SuiteRunner.privateRun(SuiteRunner.java:415)
at org.testng.SuiteRunner.run(SuiteRunner.java:364)
at org.testng.SuiteRunnerWorker.runSuite(SuiteRunnerWorker.java:52)
at org.testng.SuiteRunnerWorker.run(SuiteRunnerWorker.java:84)
at org.testng.TestNG.runSuitesSequentially(TestNG.java:1208)
at org.testng.TestNG.runSuitesLocally(TestNG.java:1137)
at org.testng.TestNG.runSuites(TestNG.java:1049)
at org.testng.TestNG.run(TestNG.java:1017)
at org.testng.remote.AbstractRemoteTestNG.run(AbstractRemoteTestNG.java:114)
at org.testng.remote.RemoteTestNG.initAndRun(RemoteTestNG.java:251)
at org.testng.remote.RemoteTestNG.main(RemoteTestNG.java:77)
]]>
    </failure>
  </testcase> <!-- @BeforeTest browserlaunch -->
  <testcase name="@AfterMethod screenshot" time="0.0" classname="tests.TestFlightBookingwithExcel">
    <skipped/>
  </testcase> <!-- @AfterMethod screenshot -->
  <testcase name="@AfterMethod screenshot" time="0.0" classname="tests.TestFlightBookingwithExcel">
    <skipped/>
  </testcase> <!-- @AfterMethod screenshot -->
  <testcase name="@AfterTest closeBrowser" time="0.0" classname="tests.TestFlightBookingwithExcel">
    <skipped/>
  </testcase> <!-- @AfterTest closeBrowser -->
  <testcase name="selectDestinations" time="0.0" classname="tests.TestFlightBookingwithExcel">
    <skipped/>
  </testcase> <!-- selectDestinations -->
  <testcase name="bookFlight" time="0.0" classname="tests.TestFlightBookingwithExcel">
    <skipped/>
  </testcase> <!-- bookFlight -->
  <testcase name="passengerDetails" time="0.0" classname="tests.TestFlightBookingwithExcel">
    <skipped/>
  </testcase> <!-- passengerDetails -->
  <testcase name="flightConfirmation" time="0.0" classname="tests.TestFlightBookingwithExcel">
    <skipped/>
  </testcase> <!-- flightConfirmation -->
</testsuite> <!-- Default test -->
